[debug] [2021-02-12T06:18:22.395Z] ----------------------------------------------------------------------
[debug] [2021-02-12T06:18:22.402Z] Command:       C:\Program Files (x86)\nodejs\node.exe C:\Users\Admin\AppData\Roaming\npm\node_modules\firebase-tools\lib\bin\firebase.js emulators:start
[debug] [2021-02-12T06:18:22.403Z] CLI Version:   9.3.0
[debug] [2021-02-12T06:18:22.404Z] Platform:      win32
[debug] [2021-02-12T06:18:22.404Z] Node Version:  v14.15.3
[debug] [2021-02-12T06:18:22.408Z] Time:          Fri Feb 12 2021 09:18:22 GMT+0300 (East Africa Time)
[debug] [2021-02-12T06:18:22.408Z] ----------------------------------------------------------------------
[debug] [2021-02-12T06:18:22.409Z] 
[debug] [2021-02-12T06:18:22.422Z] >>> [apiv2][query] GET https://firebase-public.firebaseio.com/cli.json [none]
[debug] [2021-02-12T06:18:22.525Z] > command requires scopes: ["email","openid","https://www.googleapis.com/auth/cloudplatformprojects.readonly","https://www.googleapis.com/auth/firebase","https://www.googleapis.com/auth/cloud-platform"]
[debug] [2021-02-12T06:18:22.527Z] > authorizing via signed-in user
[info] i  emulators: Starting emulators: functions, hosting {"metadata":{"emulator":{"name":"hub"},"message":"Starting emulators: functions, hosting"}}
[warn] !  emulators: It seems that you are running multiple instances of the emulator suite for project clone-fae31. This may result in unexpected behavior. 
[debug] [2021-02-12T06:18:22.599Z] [hub] writing locator at C:\Users\Admin\AppData\Local\Temp\hub-clone-fae31.json
[warn] !  functions: The following emulators are not running, calls to these services from the Functions emulator will affect production: auth, firestore, database, pubsub {"metadata":{"emulator":{"name":"functions"},"message":"The following emulators are not running, calls to these services from the Functions emulator will affect production: \u001b[1mauth, firestore, database, pubsub\u001b[22m"}}
[warn] !  Your requested "node" version "12" doesn't match your global version "14" {"metadata":{"emulator":{"name":"functions"},"message":"Your requested \"node\" version \"12\" doesn't match your global version \"14\""}}
[debug] [2021-02-12T06:18:22.727Z] defaultcredentials: writing to file C:\Users\Admin\AppData\Roaming\firebase\tabbie440_gmail_com_application_default_credentials.json
[debug] [2021-02-12T06:18:22.736Z] Setting GAC to C:\Users\Admin\AppData\Roaming\firebase\tabbie440_gmail_com_application_default_credentials.json {"metadata":{"emulator":{"name":"functions"},"message":"Setting GAC to C:\\Users\\Admin\\AppData\\Roaming\\firebase\\tabbie440_gmail_com_application_default_credentials.json"}}
[debug] [2021-02-12T06:18:22.742Z] > refreshing access token with scopes: []
[debug] [2021-02-12T06:18:22.744Z] >>> HTTP REQUEST POST https://www.googleapis.com/oauth2/v3/token  
 <request body omitted>
[debug] [2021-02-12T06:18:23.279Z] <<< HTTP RESPONSE 200 {"expires":"Mon, 01 Jan 1990 00:00:00 GMT","date":"Fri, 12 Feb 2021 06:18:23 GMT","cache-control":"no-cache, no-store, max-age=0, must-revalidate","pragma":"no-cache","content-type":"application/json; charset=utf-8","vary":"X-Origin, Referer, Origin,Accept-Encoding","server":"scaffolding on HTTPServer2","x-xss-protection":"0","x-frame-options":"SAMEORIGIN","x-content-type-options":"nosniff","alt-svc":"h3-29=\":443\"; ma=2592000,h3-T051=\":443\"; ma=2592000,h3-Q050=\":443\"; ma=2592000,h3-Q046=\":443\"; ma=2592000,h3-Q043=\":443\"; ma=2592000,quic=\":443\"; ma=2592000; v=\"46,43\"","accept-ranges":"none","transfer-encoding":"chunked"}
[debug] [2021-02-12T06:18:23.292Z] >>> [apiv2][query] GET https://firebase.googleapis.com/v1beta1/projects/clone-fae31/adminSdkConfig [none]
[debug] [2021-02-12T06:18:23.589Z] <<< [apiv2][status] GET https://firebase-public.firebaseio.com/cli.json 200
[debug] [2021-02-12T06:18:23.590Z] <<< [apiv2][body] GET https://firebase-public.firebaseio.com/cli.json {"cloudBuildErrorAfter":1594252800000,"cloudBuildWarnAfter":1590019200000,"defaultNode10After":1594252800000,"minVersion":"3.0.5","node8DeploysDisabledAfter":1613390400000,"node8RuntimeDisabledAfter":1615809600000,"node8WarnAfter":1600128000000}
[debug] [2021-02-12T06:18:24.203Z] <<< [apiv2][status] GET https://firebase.googleapis.com/v1beta1/projects/clone-fae31/adminSdkConfig 200
[debug] [2021-02-12T06:18:24.203Z] <<< [apiv2][body] GET https://firebase.googleapis.com/v1beta1/projects/clone-fae31/adminSdkConfig {"projectId":"clone-fae31","storageBucket":"clone-fae31.appspot.com","locationId":"us-central"}
[debug] [2021-02-12T06:18:24.234Z] >>> [apiv2][query] GET https://firebase.googleapis.com/v1beta1/projects/clone-fae31/webApps/-/config [none]
[debug] [2021-02-12T06:18:25.429Z] <<< [apiv2][status] GET https://firebase.googleapis.com/v1beta1/projects/clone-fae31/webApps/-/config 200
[debug] [2021-02-12T06:18:25.430Z] <<< [apiv2][body] GET https://firebase.googleapis.com/v1beta1/projects/clone-fae31/webApps/-/config {"projectId":"clone-fae31","appId":"1:358509027141:web:100a3ac072bb896c85282c","storageBucket":"clone-fae31.appspot.com","locationId":"us-central","apiKey":"AIzaSyB2Q0p2eJlgSHsjr6vPrX1XgFUbKttiIlw","authDomain":"clone-fae31.firebaseapp.com","messagingSenderId":"358509027141","measurementId":"G-7NBM4XHHX2"}
[info] i  hosting: Serving hosting files from: build {"metadata":{"emulator":{"name":"hosting"},"message":"Serving hosting files from: \u001b[1mbuild\u001b[22m"}}
[info] +  hosting: Local server: http://localhost:5000 {"metadata":{"emulator":{"name":"hosting"},"message":"Local server: \u001b[4m\u001b[1mhttp://localhost:5000\u001b[22m\u001b[24m"}}
[debug] [2021-02-12T06:18:25.589Z] Ignoring unsupported arg: auto_download {"metadata":{"emulator":{"name":"ui"},"message":"Ignoring unsupported arg: auto_download"}}
[debug] [2021-02-12T06:18:25.590Z] Ignoring unsupported arg: port {"metadata":{"emulator":{"name":"ui"},"message":"Ignoring unsupported arg: port"}}
[debug] [2021-02-12T06:18:25.590Z] Starting Emulator UI with command {"binary":"node","args":["C:\\Users\\Admin\\.cache\\firebase\\emulators\\ui-v1.4.1\\server.bundle.js"],"optionalArgs":[],"joinArgs":false} {"metadata":{"emulator":{"name":"ui"},"message":"Starting Emulator UI with command {\"binary\":\"node\",\"args\":[\"C:\\\\Users\\\\Admin\\\\.cache\\\\firebase\\\\emulators\\\\ui-v1.4.1\\\\server.bundle.js\"],\"optionalArgs\":[],\"joinArgs\":false}"}}
[info] i  ui: Emulator UI logging to ui-debug.log {"metadata":{"emulator":{"name":"ui"},"message":"Emulator UI logging to \u001b[1mui-debug.log\u001b[22m"}}
[debug] [2021-02-12T06:18:26.510Z] Web / API server started at http://localhost:4000
 {"metadata":{"emulator":{"name":"ui"},"message":"Web / API server started at http://localhost:4000\n"}}
[info] i  functions: Watching "C:\Users\Admin\Amazon clone\amazon\functions" for Cloud Functions... {"metadata":{"emulator":{"name":"functions"},"message":"Watching \"C:\\Users\\Admin\\Amazon clone\\amazon\\functions\" for Cloud Functions..."}}
[debug] [2021-02-12T06:18:26.876Z] [worker-pool] addWorker(~diagnostic~) {"metadata":{"emulator":{"name":"functions"},"message":"[worker-pool] addWorker(~diagnostic~)"}}
[debug] [2021-02-12T06:18:26.876Z] [worker-pool] Adding worker with key ~diagnostic~, total=1 {"metadata":{"emulator":{"name":"functions"},"message":"[worker-pool] Adding worker with key ~diagnostic~, total=1"}}
[debug] [2021-02-12T06:18:26.877Z] [worker-pool] submitWork(triggerId=) {"metadata":{"emulator":{"name":"functions"},"message":"[worker-pool] submitWork(triggerId=)"}}
[debug] [2021-02-12T06:18:26.878Z] [worker-~diagnostic~-87f98527-4fb1-4e2d-aa16-6b6aeec92e99]: Assigning socketPath: \\?\pipe\C:\Users\Admin\Amazon clone\amazon\functions\19444 {"metadata":{"emulator":{"name":"functions"},"message":"[worker-~diagnostic~-87f98527-4fb1-4e2d-aa16-6b6aeec92e99]: Assigning socketPath: \\\\?\\pipe\\C:\\Users\\Admin\\Amazon clone\\amazon\\functions\\19444"}}
[debug] [2021-02-12T06:18:26.878Z] [worker-~diagnostic~-87f98527-4fb1-4e2d-aa16-6b6aeec92e99]: BUSY {"metadata":{"emulator":{"name":"functions"},"message":"[worker-~diagnostic~-87f98527-4fb1-4e2d-aa16-6b6aeec92e99]: BUSY"}}
[debug] [2021-02-12T06:18:27.861Z] [runtime-status] [19444] Functions runtime initialized. {"cwd":"C:\\Users\\Admin\\Amazon clone\\amazon\\functions","node_version":"14.15.3"} {"metadata":{"emulator":{"name":"functions"},"message":"[runtime-status] [19444] Functions runtime initialized. {\"cwd\":\"C:\\\\Users\\\\Admin\\\\Amazon clone\\\\amazon\\\\functions\",\"node_version\":\"14.15.3\"}"}}
[debug] [2021-02-12T06:18:27.863Z] [runtime-status] [19444] Disabled runtime features: undefined {"metadata":{"emulator":{"name":"functions"},"message":"[runtime-status] [19444] Disabled runtime features: undefined"}}
[debug] [2021-02-12T06:18:27.875Z] [runtime-status] [19444] Resolved module firebase-admin {"declared":true,"installed":true,"version":"9.4.2","resolution":"C:\\Users\\Admin\\Amazon clone\\amazon\\functions\\node_modules\\firebase-admin\\lib\\index.js"} {"metadata":{"emulator":{"name":"functions"},"message":"[runtime-status] [19444] Resolved module firebase-admin {\"declared\":true,\"installed\":true,\"version\":\"9.4.2\",\"resolution\":\"C:\\\\Users\\\\Admin\\\\Amazon clone\\\\amazon\\\\functions\\\\node_modules\\\\firebase-admin\\\\lib\\\\index.js\"}"}}
[debug] [2021-02-12T06:18:27.881Z] [runtime-status] [19444] Resolved module firebase-functions {"declared":true,"installed":true,"version":"3.13.1","resolution":"C:\\Users\\Admin\\Amazon clone\\amazon\\functions\\node_modules\\firebase-functions\\lib\\index.js"} {"metadata":{"emulator":{"name":"functions"},"message":"[runtime-status] [19444] Resolved module firebase-functions {\"declared\":true,\"installed\":true,\"version\":\"3.13.1\",\"resolution\":\"C:\\\\Users\\\\Admin\\\\Amazon clone\\\\amazon\\\\functions\\\\node_modules\\\\firebase-functions\\\\lib\\\\index.js\"}"}}
[debug] [2021-02-12T06:18:27.887Z] [runtime-status] [19444] Resolved module firebase-functions {"declared":true,"installed":true,"version":"3.13.1","resolution":"C:\\Users\\Admin\\Amazon clone\\amazon\\functions\\node_modules\\firebase-functions\\lib\\index.js"} {"metadata":{"emulator":{"name":"functions"},"message":"[runtime-status] [19444] Resolved module firebase-functions {\"declared\":true,\"installed\":true,\"version\":\"3.13.1\",\"resolution\":\"C:\\\\Users\\\\Admin\\\\Amazon clone\\\\amazon\\\\functions\\\\node_modules\\\\firebase-functions\\\\lib\\\\index.js\"}"}}
[debug] [2021-02-12T06:18:27.889Z] [runtime-status] [19444] Outgoing network have been stubbed. [{"name":"http","status":"mocked"},{"name":"http","status":"mocked"},{"name":"https","status":"mocked"},{"name":"https","status":"mocked"},{"name":"net","status":"mocked"}] {"metadata":{"emulator":{"name":"functions"},"message":"[runtime-status] [19444] Outgoing network have been stubbed. [{\"name\":\"http\",\"status\":\"mocked\"},{\"name\":\"http\",\"status\":\"mocked\"},{\"name\":\"https\",\"status\":\"mocked\"},{\"name\":\"https\",\"status\":\"mocked\"},{\"name\":\"net\",\"status\":\"mocked\"}]"}}
[debug] [2021-02-12T06:18:27.891Z] [runtime-status] [19444] Resolved module firebase-functions {"declared":true,"installed":true,"version":"3.13.1","resolution":"C:\\Users\\Admin\\Amazon clone\\amazon\\functions\\node_modules\\firebase-functions\\lib\\index.js"} {"metadata":{"emulator":{"name":"functions"},"message":"[runtime-status] [19444] Resolved module firebase-functions {\"declared\":true,\"installed\":true,\"version\":\"3.13.1\",\"resolution\":\"C:\\\\Users\\\\Admin\\\\Amazon clone\\\\amazon\\\\functions\\\\node_modules\\\\firebase-functions\\\\lib\\\\index.js\"}"}}
[debug] [2021-02-12T06:18:28.043Z] [runtime-status] [19444] Checked functions.config() {"config":{}} {"metadata":{"emulator":{"name":"functions"},"message":"[runtime-status] [19444] Checked functions.config() {\"config\":{}}"}}
[debug] [2021-02-12T06:18:28.044Z] [runtime-status] [19444] firebase-functions has been stubbed. {"functionsResolution":{"declared":true,"installed":true,"version":"3.13.1","resolution":"C:\\Users\\Admin\\Amazon clone\\amazon\\functions\\node_modules\\firebase-functions\\lib\\index.js"}} {"metadata":{"emulator":{"name":"functions"},"message":"[runtime-status] [19444] firebase-functions has been stubbed. {\"functionsResolution\":{\"declared\":true,\"installed\":true,\"version\":\"3.13.1\",\"resolution\":\"C:\\\\Users\\\\Admin\\\\Amazon clone\\\\amazon\\\\functions\\\\node_modules\\\\firebase-functions\\\\lib\\\\index.js\"}}"}}
[debug] [2021-02-12T06:18:28.045Z] [runtime-status] [19444] Resolved module firebase-functions {"declared":true,"installed":true,"version":"3.13.1","resolution":"C:\\Users\\Admin\\Amazon clone\\amazon\\functions\\node_modules\\firebase-functions\\lib\\index.js"} {"metadata":{"emulator":{"name":"functions"},"message":"[runtime-status] [19444] Resolved module firebase-functions {\"declared\":true,\"installed\":true,\"version\":\"3.13.1\",\"resolution\":\"C:\\\\Users\\\\Admin\\\\Amazon clone\\\\amazon\\\\functions\\\\node_modules\\\\firebase-functions\\\\lib\\\\index.js\"}"}}
[debug] [2021-02-12T06:18:28.048Z] [runtime-status] [19444] Resolved module firebase-admin {"declared":true,"installed":true,"version":"9.4.2","resolution":"C:\\Users\\Admin\\Amazon clone\\amazon\\functions\\node_modules\\firebase-admin\\lib\\index.js"} {"metadata":{"emulator":{"name":"functions"},"message":"[runtime-status] [19444] Resolved module firebase-admin {\"declared\":true,\"installed\":true,\"version\":\"9.4.2\",\"resolution\":\"C:\\\\Users\\\\Admin\\\\Amazon clone\\\\amazon\\\\functions\\\\node_modules\\\\firebase-admin\\\\lib\\\\index.js\"}"}}
[debug] [2021-02-12T06:18:28.049Z] [runtime-status] [19444] Resolved module firebase-functions {"declared":true,"installed":true,"version":"3.13.1","resolution":"C:\\Users\\Admin\\Amazon clone\\amazon\\functions\\node_modules\\firebase-functions\\lib\\index.js"} {"metadata":{"emulator":{"name":"functions"},"message":"[runtime-status] [19444] Resolved module firebase-functions {\"declared\":true,\"installed\":true,\"version\":\"3.13.1\",\"resolution\":\"C:\\\\Users\\\\Admin\\\\Amazon clone\\\\amazon\\\\functions\\\\node_modules\\\\firebase-functions\\\\lib\\\\index.js\"}"}}
[debug] [2021-02-12T06:18:28.050Z] [runtime-status] [19444] firebase-admin has been stubbed. {"adminResolution":{"declared":true,"installed":true,"version":"9.4.2","resolution":"C:\\Users\\Admin\\Amazon clone\\amazon\\functions\\node_modules\\firebase-admin\\lib\\index.js"}} {"metadata":{"emulator":{"name":"functions"},"message":"[runtime-status] [19444] firebase-admin has been stubbed. {\"adminResolution\":{\"declared\":true,\"installed\":true,\"version\":\"9.4.2\",\"resolution\":\"C:\\\\Users\\\\Admin\\\\Amazon clone\\\\amazon\\\\functions\\\\node_modules\\\\firebase-admin\\\\lib\\\\index.js\"}}"}}
[info] +  functions[api]: http function initialized (http://localhost:5001/clone-fae31/us-central1/api). {"metadata":{"emulator":{"name":"functions"},"message":"\u001b[1mhttp\u001b[22m function initialized (http://localhost:5001/clone-fae31/us-central1/api)."}}
[info] 
┌─────────────────────────────────────────────────────────────┐
│ ✔  All emulators ready! It is now safe to connect your app. │
│ i  View Emulator UI at http://localhost:4000                │
└─────────────────────────────────────────────────────────────┘

┌───────────┬────────────────┬─────────────────────────────────┐
│ Emulator  │ Host:Port      │ View in Emulator UI             │
├───────────┼────────────────┼─────────────────────────────────┤
│ Functions │ localhost:5001 │ http://localhost:4000/functions │
├───────────┼────────────────┼─────────────────────────────────┤
│ Hosting   │ localhost:5000 │ n/a                             │
└───────────┴────────────────┴─────────────────────────────────┘
  Emulator Hub running at localhost:4400
  Other reserved ports: 4500

Issues? Report them at https://github.com/firebase/firebase-tools/issues and attach the *-debug.log files.
 
[debug] [2021-02-12T06:18:28.828Z] [worker-~diagnostic~-87f98527-4fb1-4e2d-aa16-6b6aeec92e99]: IDLE {"metadata":{"emulator":{"name":"functions"},"message":"[worker-~diagnostic~-87f98527-4fb1-4e2d-aa16-6b6aeec92e99]: IDLE"}}
[debug] [2021-02-12T06:19:20.195Z] [work-queue] {"queueLength":1,"workRunningCount":0}
[debug] [2021-02-12T06:19:20.196Z] [work-queue] {"queueLength":0,"workRunningCount":1}
[debug] [2021-02-12T06:19:20.198Z] Accepted request GET /clone-fae31/us-central1/api --> api
[debug] [2021-02-12T06:19:20.230Z] [worker-pool] addWorker(api) {"metadata":{"emulator":{"name":"functions"},"message":"[worker-pool] addWorker(api)"}}
[debug] [2021-02-12T06:19:20.230Z] [worker-pool] Adding worker with key api, total=1 {"metadata":{"emulator":{"name":"functions"},"message":"[worker-pool] Adding worker with key api, total=1"}}
[debug] [2021-02-12T06:19:20.231Z] [worker-pool] submitWork(triggerId=api) {"metadata":{"emulator":{"name":"functions"},"message":"[worker-pool] submitWork(triggerId=api)"}}
[debug] [2021-02-12T06:19:20.231Z] [worker-api-3566800b-ab82-40ff-8e07-c0a1ffb8ff7a]: Assigning socketPath: \\?\pipe\C:\Users\Admin\Amazon clone\amazon\functions\14916 {"metadata":{"emulator":{"name":"functions"},"message":"[worker-api-3566800b-ab82-40ff-8e07-c0a1ffb8ff7a]: Assigning socketPath: \\\\?\\pipe\\C:\\Users\\Admin\\Amazon clone\\amazon\\functions\\14916"}}
[debug] [2021-02-12T06:19:20.232Z] [worker-api-3566800b-ab82-40ff-8e07-c0a1ffb8ff7a]: BUSY {"metadata":{"emulator":{"name":"functions"},"message":"[worker-api-3566800b-ab82-40ff-8e07-c0a1ffb8ff7a]: BUSY"}}
[debug] [2021-02-12T06:19:21.710Z] [runtime-status] [14916] Functions runtime initialized. {"cwd":"C:\\Users\\Admin\\Amazon clone\\amazon\\functions","node_version":"14.15.3"} {"metadata":{"emulator":{"name":"functions"},"function":{"name":"api"},"message":"[runtime-status] [14916] Functions runtime initialized. {\"cwd\":\"C:\\\\Users\\\\Admin\\\\Amazon clone\\\\amazon\\\\functions\",\"node_version\":\"14.15.3\"}"}}
[debug] [2021-02-12T06:19:21.720Z] [runtime-status] [14916] Disabled runtime features: undefined {"metadata":{"emulator":{"name":"functions"},"function":{"name":"api"},"message":"[runtime-status] [14916] Disabled runtime features: undefined"}}
[debug] [2021-02-12T06:19:21.736Z] [runtime-status] [14916] Resolved module firebase-admin {"declared":true,"installed":true,"version":"9.4.2","resolution":"C:\\Users\\Admin\\Amazon clone\\amazon\\functions\\node_modules\\firebase-admin\\lib\\index.js"} {"metadata":{"emulator":{"name":"functions"},"function":{"name":"api"},"message":"[runtime-status] [14916] Resolved module firebase-admin {\"declared\":true,\"installed\":true,\"version\":\"9.4.2\",\"resolution\":\"C:\\\\Users\\\\Admin\\\\Amazon clone\\\\amazon\\\\functions\\\\node_modules\\\\firebase-admin\\\\lib\\\\index.js\"}"}}
[debug] [2021-02-12T06:19:21.745Z] [runtime-status] [14916] Resolved module firebase-functions {"declared":true,"installed":true,"version":"3.13.1","resolution":"C:\\Users\\Admin\\Amazon clone\\amazon\\functions\\node_modules\\firebase-functions\\lib\\index.js"} {"metadata":{"emulator":{"name":"functions"},"function":{"name":"api"},"message":"[runtime-status] [14916] Resolved module firebase-functions {\"declared\":true,\"installed\":true,\"version\":\"3.13.1\",\"resolution\":\"C:\\\\Users\\\\Admin\\\\Amazon clone\\\\amazon\\\\functions\\\\node_modules\\\\firebase-functions\\\\lib\\\\index.js\"}"}}
[debug] [2021-02-12T06:19:21.754Z] [runtime-status] [14916] Resolved module firebase-functions {"declared":true,"installed":true,"version":"3.13.1","resolution":"C:\\Users\\Admin\\Amazon clone\\amazon\\functions\\node_modules\\firebase-functions\\lib\\index.js"} {"metadata":{"emulator":{"name":"functions"},"function":{"name":"api"},"message":"[runtime-status] [14916] Resolved module firebase-functions {\"declared\":true,\"installed\":true,\"version\":\"3.13.1\",\"resolution\":\"C:\\\\Users\\\\Admin\\\\Amazon clone\\\\amazon\\\\functions\\\\node_modules\\\\firebase-functions\\\\lib\\\\index.js\"}"}}
[debug] [2021-02-12T06:19:21.759Z] [runtime-status] [14916] Outgoing network have been stubbed. [{"name":"http","status":"mocked"},{"name":"http","status":"mocked"},{"name":"https","status":"mocked"},{"name":"https","status":"mocked"},{"name":"net","status":"mocked"}] {"metadata":{"emulator":{"name":"functions"},"function":{"name":"api"},"message":"[runtime-status] [14916] Outgoing network have been stubbed. [{\"name\":\"http\",\"status\":\"mocked\"},{\"name\":\"http\",\"status\":\"mocked\"},{\"name\":\"https\",\"status\":\"mocked\"},{\"name\":\"https\",\"status\":\"mocked\"},{\"name\":\"net\",\"status\":\"mocked\"}]"}}
[debug] [2021-02-12T06:19:21.762Z] [runtime-status] [14916] Resolved module firebase-functions {"declared":true,"installed":true,"version":"3.13.1","resolution":"C:\\Users\\Admin\\Amazon clone\\amazon\\functions\\node_modules\\firebase-functions\\lib\\index.js"} {"metadata":{"emulator":{"name":"functions"},"function":{"name":"api"},"message":"[runtime-status] [14916] Resolved module firebase-functions {\"declared\":true,\"installed\":true,\"version\":\"3.13.1\",\"resolution\":\"C:\\\\Users\\\\Admin\\\\Amazon clone\\\\amazon\\\\functions\\\\node_modules\\\\firebase-functions\\\\lib\\\\index.js\"}"}}
[debug] [2021-02-12T06:19:21.983Z] [runtime-status] [14916] Checked functions.config() {"config":{}} {"metadata":{"emulator":{"name":"functions"},"function":{"name":"api"},"message":"[runtime-status] [14916] Checked functions.config() {\"config\":{}}"}}
[debug] [2021-02-12T06:19:21.984Z] [runtime-status] [14916] firebase-functions has been stubbed. {"functionsResolution":{"declared":true,"installed":true,"version":"3.13.1","resolution":"C:\\Users\\Admin\\Amazon clone\\amazon\\functions\\node_modules\\firebase-functions\\lib\\index.js"}} {"metadata":{"emulator":{"name":"functions"},"function":{"name":"api"},"message":"[runtime-status] [14916] firebase-functions has been stubbed. {\"functionsResolution\":{\"declared\":true,\"installed\":true,\"version\":\"3.13.1\",\"resolution\":\"C:\\\\Users\\\\Admin\\\\Amazon clone\\\\amazon\\\\functions\\\\node_modules\\\\firebase-functions\\\\lib\\\\index.js\"}}"}}
[debug] [2021-02-12T06:19:21.986Z] [runtime-status] [14916] Resolved module firebase-functions {"declared":true,"installed":true,"version":"3.13.1","resolution":"C:\\Users\\Admin\\Amazon clone\\amazon\\functions\\node_modules\\firebase-functions\\lib\\index.js"} {"metadata":{"emulator":{"name":"functions"},"function":{"name":"api"},"message":"[runtime-status] [14916] Resolved module firebase-functions {\"declared\":true,\"installed\":true,\"version\":\"3.13.1\",\"resolution\":\"C:\\\\Users\\\\Admin\\\\Amazon clone\\\\amazon\\\\functions\\\\node_modules\\\\firebase-functions\\\\lib\\\\index.js\"}"}}
[debug] [2021-02-12T06:19:21.994Z] [runtime-status] [14916] Resolved module firebase-admin {"declared":true,"installed":true,"version":"9.4.2","resolution":"C:\\Users\\Admin\\Amazon clone\\amazon\\functions\\node_modules\\firebase-admin\\lib\\index.js"} {"metadata":{"emulator":{"name":"functions"},"function":{"name":"api"},"message":"[runtime-status] [14916] Resolved module firebase-admin {\"declared\":true,\"installed\":true,\"version\":\"9.4.2\",\"resolution\":\"C:\\\\Users\\\\Admin\\\\Amazon clone\\\\amazon\\\\functions\\\\node_modules\\\\firebase-admin\\\\lib\\\\index.js\"}"}}
[debug] [2021-02-12T06:19:21.998Z] [runtime-status] [14916] Resolved module firebase-functions {"declared":true,"installed":true,"version":"3.13.1","resolution":"C:\\Users\\Admin\\Amazon clone\\amazon\\functions\\node_modules\\firebase-functions\\lib\\index.js"} {"metadata":{"emulator":{"name":"functions"},"function":{"name":"api"},"message":"[runtime-status] [14916] Resolved module firebase-functions {\"declared\":true,\"installed\":true,\"version\":\"3.13.1\",\"resolution\":\"C:\\\\Users\\\\Admin\\\\Amazon clone\\\\amazon\\\\functions\\\\node_modules\\\\firebase-functions\\\\lib\\\\index.js\"}"}}
[debug] [2021-02-12T06:19:21.998Z] [runtime-status] [14916] firebase-admin has been stubbed. {"adminResolution":{"declared":true,"installed":true,"version":"9.4.2","resolution":"C:\\Users\\Admin\\Amazon clone\\amazon\\functions\\node_modules\\firebase-admin\\lib\\index.js"}} {"metadata":{"emulator":{"name":"functions"},"function":{"name":"api"},"message":"[runtime-status] [14916] firebase-admin has been stubbed. {\"adminResolution\":{\"declared\":true,\"installed\":true,\"version\":\"9.4.2\",\"resolution\":\"C:\\\\Users\\\\Admin\\\\Amazon clone\\\\amazon\\\\functions\\\\node_modules\\\\firebase-admin\\\\lib\\\\index.js\"}}"}}
[debug] [2021-02-12T06:19:22.968Z] [runtime-status] [14916] Trigger "api" has been found, beginning invocation! {"metadata":{"emulator":{"name":"functions"},"function":{"name":"api"},"message":"[runtime-status] [14916] Trigger \"api\" has been found, beginning invocation!"}}
[info] i  functions: Beginning execution of "api" {"metadata":{"emulator":{"name":"functions"},"function":{"name":"api"},"message":"Beginning execution of \"api\""}}
[debug] [2021-02-12T06:19:23.375Z] [runtime-status] [14916] triggerDefinition {"httpsTrigger":{},"name":"api","entryPoint":"api"} {"metadata":{"emulator":{"name":"functions"},"function":{"name":"api"},"message":"[runtime-status] [14916] triggerDefinition {\"httpsTrigger\":{},\"name\":\"api\",\"entryPoint\":\"api\"}"}}
[debug] [2021-02-12T06:19:23.376Z] [runtime-status] [14916] Running api in mode HTTPS {"metadata":{"emulator":{"name":"functions"},"function":{"name":"api"},"message":"[runtime-status] [14916] Running api in mode HTTPS"}}
[debug] [2021-02-12T06:19:23.376Z] [runtime-status] [14916] Attempting to listen to socketPath: \\?\pipe\C:\Users\Admin\Amazon clone\amazon\functions\14916 {"metadata":{"emulator":{"name":"functions"},"function":{"name":"api"},"message":"[runtime-status] [14916] Attempting to listen to socketPath: \\\\?\\pipe\\C:\\Users\\Admin\\Amazon clone\\amazon\\functions\\14916"}}
[debug] [2021-02-12T06:19:23.380Z] [functions] Runtime ready! Sending request! {"metadata":{"emulator":{"name":"functions"},"message":"[functions] Runtime ready! Sending request!"}}
[debug] [2021-02-12T06:19:23.381Z] [functions] Got req.url=/clone-fae31/us-central1/api, mapping to path=/ {"metadata":{"emulator":{"name":"functions"},"message":"[functions] Got req.url=/clone-fae31/us-central1/api, mapping to path=/"}}
[debug] [2021-02-12T06:19:23.398Z] [runtime-status] [14916] Ephemeral server handling GET request {"metadata":{"emulator":{"name":"functions"},"function":{"name":"api"},"message":"[runtime-status] [14916] Ephemeral server handling GET request"}}
[debug] [2021-02-12T06:19:23.416Z] [runtime-status] [14916] Ephemeral server survived. {"metadata":{"emulator":{"name":"functions"},"function":{"name":"api"},"message":"[runtime-status] [14916] Ephemeral server survived."}}
[info] i  functions: Finished "api" in ~1s {"metadata":{"emulator":{"name":"functions"},"function":{"name":"api"},"message":"Finished \"api\" in ~1s"}}
[debug] [2021-02-12T06:19:23.515Z] [worker-api-3566800b-ab82-40ff-8e07-c0a1ffb8ff7a]: IDLE {"metadata":{"emulator":{"name":"functions"},"message":"[worker-api-3566800b-ab82-40ff-8e07-c0a1ffb8ff7a]: IDLE"}}
[debug] [2021-02-12T06:19:23.516Z] [work-queue] {"queueLength":0,"workRunningCount":0}
[debug] [2021-02-12T06:19:24.273Z] Functions emulator received unknown request at path /favicon.ico
